743.jpg 伊吹萃香 0.6316
148.jpg 伊吹萃香 0.8199
328.jpg 上白泽慧音 0.3149
161.jpg 茨木华扇 0.2225
821.jpg 伊吹萃香 0.7903
242.jpg 伊吹萃香 0.9110
409.jpg 伊吹萃香 0.5938
584.jpg 伊吹萃香 0.6192
272.jpg 伊吹萃香 0.9502
477.jpg 伊吹萃香 0.7130
452.jpg 伊吹萃香 0.7642
880.jpg 伊吹萃香 0.7533
834.jpg 伊吹萃香 0.9176
784.jpg 伊吹萃香 0.2333
852.jpg 杖刀偶磨弓 0.1295
437.jpg 伊吹萃香 0.8539
600.jpg 伊吹萃香 0.3504
971.jpg 伊吹萃香 0.7624
640.jpg 伊吹萃香 0.4757
660.jpg 伊吹萃香 0.3514
485.jpg 西行寺幽幽子 0.4648
680.jpg 伊吹萃香 0.9512
418.jpg 伊吹萃香 0.1286
442.jpg 伊吹萃香 0.9385
789.jpg 伊吹萃香 0.9151
696.jpg 伊吹萃香 0.7454
569.jpg 伊吹萃香 0.9558
869.jpg 伊吹萃香 0.8596
856.jpg 伊吹萃香 0.9352
172.jpg 伊吹萃香 0.9295
320.jpg 雾雨魔理沙 0.1959
566.jpg 伊吹萃香 0.9097
348.jpg 伊吹萃香 0.7640
475.jpg 伊吹萃香 0.8007
973.jpg 伊吹萃香 0.3772
909.jpg 伊吹萃香 0.6840
253.jpg 伊吹萃香 0.9570
31.jpg 伊吹萃香 0.9553
586.jpg 伊吹萃香 0.7141
774.jpg 伊吹萃香 0.8752
708.jpg 伊吹萃香 0.2304
883.jpg 伊吹萃香 0.9630
739.jpg 伊吹萃香 0.9124
447.jpg 伊吹萃香 0.4487
334.jpg 伊吹萃香 0.5696
970.jpg 伊吹萃香 0.8932
496.jpg 伊吹萃香 0.5567
564.jpg 伊吹萃香 0.8646
173.jpg 伊吹萃香 0.9529
543.jpg 秦心 0.7193
302.jpg 博丽灵梦 0.0479
762.jpg 伊吹萃香 0.7907
833.jpg 伊吹萃香 0.9498
454.jpg 伊吹萃香 0.9414
228.jpg 比那名居天子 0.4859
731.jpg 伊吹萃香 0.8769
186.jpg 伊吹萃香 0.4184
385.jpg 伊吹萃香 0.8022
432.jpg 伊吹萃香 0.2055
932.jpg 伊吹萃香 0.9489
118.jpg 伊吹萃香 0.9144
912.jpg 伊吹萃香 0.9320
990.jpg 伊吹萃香 0.9042
547.jpg 伊吹萃香 0.8372
711.jpg 伊吹萃香 0.8900
366.jpg 伊吹萃香 0.8654
269.jpg 伊吹萃香 0.9440
423.jpg 伊吹萃香 0.7601
698.jpg 伊吹萃香 0.9613
705.jpg 宇佐见堇子 0.7469
176.jpg 伊吹萃香 0.9621
119.jpg 伊吹萃香 0.5109
223.jpg 高丽野阿吽 0.4587
215.jpg 伊吹萃香 0.8692
472.jpg 伊吹萃香 0.6362
798.jpg 伊吹萃香 0.6727
450.jpg 伊吹萃香 0.9028
59.jpg 伊吹萃香 0.9369
83.jpg 伊吹萃香 0.9647
112.jpg 伊吹萃香 0.5967
127.jpg 伊吹萃香 0.8197
57.jpg 伊吹萃香 0.9099
283.jpg 伊吹萃香 0.9252
200.jpg 伊吹萃香 0.7138
968.jpg 伊吹萃香 0.9539
235.jpg 伊吹萃香 0.8523
304.jpg 伊吹萃香 0.8789
249.jpg 伊吹萃香 0.8324
602.jpg 伊吹萃香 0.9581
42.jpg 伊吹萃香 0.9249
557.jpg 伊吹萃香 0.8973
364.jpg 伊吹萃香 0.8850
836.jpg 伊吹萃香 0.7693
292.jpg 伊吹萃香 0.4405
528.jpg 伊吹萃香 0.7089
174.jpg 伊吹萃香 0.9198
397.jpg 伊吹萃香 0.9435
262.jpg 宇佐见堇子 0.3036
729.jpg 伊吹萃香 0.9444
369.jpg 伊吹萃香 0.8647
622.jpg 伊吹萃香 0.8870
513.jpg 伊吹萃香 0.9450
752.jpg 橙 0.0835
237.jpg 伊吹萃香 0.1151
166.jpg 伊吹萃香 0.8175
697.jpg 伊吹萃香 0.5532
879.jpg 伊吹萃香 0.8697
128.jpg 伊吹萃香 0.5241
371.jpg 伊吹萃香 0.7982
992.jpg 伊吹萃香 0.9381
393.jpg 伊吹萃香 0.8472
4.jpg 茨木华扇 0.7805
323.jpg 伊吹萃香 0.8638
377.jpg 伊吹萃香 0.6584
3.jpg 伊吹萃香 0.9271
295.jpg 伊吹萃香 0.9476
575.jpg 伊吹萃香 0.5177
250.jpg 伊吹萃香 0.9096
986.jpg 霍青娥 0.3205
601.jpg 伊吹萃香 0.4984
241.jpg 伊吹萃香 0.9432
848.jpg 伊吹萃香 0.8699
162.jpg 伊吹萃香 0.8971
582.jpg 伊吹萃香 0.7632
381.jpg 伊吹萃香 0.8186
758.jpg 伊吹萃香 0.6412
108.jpg 露娜切露德 0.2744
862.jpg 伊吹萃香 0.9544
441.jpg 伊吹萃香 0.9036
183.jpg 伊吹萃香 0.7617
99.jpg 伊吹萃香 0.5925
288.jpg 伊吹萃香 0.8576
791.jpg 伊吹萃香 0.9574
258.jpg 伊吹萃香 0.9095
453.jpg 伊吹萃香 0.9047
701.jpg 姬海棠果 0.4797
144.jpg 伊吹萃香 0.7684
721.jpg 伊吹萃香 0.9305
422.jpg 伊吹萃香 0.8288
724.jpg 伊吹萃香 0.9433
502.jpg 伊吹萃香 0.9060
832.jpg 伊吹萃香 0.9562
839.jpg 伊吹萃香 0.9195
511.jpg 伊吹萃香 0.9561
126.jpg 伊吹萃香 0.9198
782.jpg 伊吹萃香 0.8802
239.jpg 伊吹萃香 0.9590
959.jpg 伊吹萃香 0.9457
219.jpg 伊吹萃香 0.9191
929.jpg 伊吹萃香 0.9304
733.jpg 伊吹萃香 0.4590
67.jpg 伊吹萃香 0.9441
360.jpg 伊吹萃香 0.9182
835.jpg 伊吹萃香 0.4652
310.jpg 伊吹萃香 0.9263
942.jpg 伊吹萃香 0.9505
627.jpg 伊吹萃香 0.9533
123.jpg 茨木华扇 0.4101
958.jpg 伊吹萃香 0.9598
788.jpg 伊吹萃香 0.8691
891.jpg 伊吹萃香 0.7314
505.jpg 伊吹萃香 0.9565
751.jpg 伊吹萃香 0.9540
50.jpg 纯狐 0.1566
64.jpg 伊吹萃香 0.9044
886.jpg 伊吹萃香 0.9247
233.jpg 伊吹萃香 0.4459
776.jpg 伊吹萃香 0.9503
307.jpg 伊吹萃香 0.8869
730.jpg 克劳恩皮丝 0.8204
104.jpg 伊吹萃香 0.9464
73.jpg 伊吹萃香 0.9371
753.jpg 伊吹萃香 0.9253
18.jpg 伊吹萃香 0.4859
98.jpg 伊吹萃香 0.9541
53.jpg 伊吹萃香 0.8707
411.jpg 伊吹萃香 0.8876
517.jpg 伊吹萃香 0.7832
478.jpg 伊吹萃香 0.9538
503.jpg 伊吹萃香 0.9325
97.jpg 伊吹萃香 0.9321
290.jpg 伊吹萃香 0.9143
533.jpg 伊吹萃香 0.9625
220.jpg 伊吹萃香 0.9250
692.jpg 伊吹萃香 0.4546
1000.jpg 伊吹萃香 0.7555
996.jpg 伊吹萃香 0.9377
817.jpg 伊吹萃香 0.9127
27.jpg 博丽灵梦 0.3726
723.jpg 伊吹萃香 0.8781
198.jpg 少名针妙丸 0.1747
610.jpg 伊吹萃香 0.9543
878.jpg 伊吹萃香 0.8952
777.jpg 伊吹萃香 0.8602
90.jpg 雾雨魔理沙 0.2442
178.jpg 伊吹萃香 0.9209
29.jpg 伊吹萃香 0.9642
109.jpg 伊吹萃香 0.9162
982.jpg 伊吹萃香 0.7190
884.jpg 博丽灵梦 0.0762
826.jpg 伊吹萃香 0.9649
221.jpg 伊吹萃香 0.8468
266.jpg 伊吹萃香 0.8704
33.jpg 西行寺幽幽子 0.2177
530.jpg 伊吹萃香 0.9279
666.jpg 伊吹萃香 0.8814
552.jpg 伊吹萃香 0.9394
336.jpg 伊吹萃香 0.8116
775.jpg 帕秋莉·诺蕾姬 0.2986
772.jpg 伊吹萃香 0.6918
243.jpg 伊吹萃香 0.9211
690.jpg 伊吹萃香 0.9138
952.jpg 伊吹萃香 0.5593
778.jpg 伊吹萃香 0.9398
763.jpg 米斯蒂娅·萝蕾拉 0.3312
105.jpg 伊吹萃香 0.9188
934.jpg 少名针妙丸 0.1862
329.jpg 伊吹萃香 0.7822
103.jpg 伊吹萃香 0.9003
522.jpg 伊吹萃香 0.9636
368.jpg 伊吹萃香 0.9229
480.jpg 伊吹萃香 0.7698
554.jpg 伊吹萃香 0.8633
925.jpg 伊吹萃香 0.9017
482.jpg 伊吹萃香 0.8601
720.jpg 永江衣玖 0.8911
702.jpg 伊吹萃香 0.9445
341.jpg 伊吹萃香 0.9472
462.jpg 伊吹萃香 0.5480
351.jpg 雾雨魔理沙 0.1776
321.jpg 伊吹萃香 0.9068
179.jpg 伊吹萃香 0.9467
872.jpg 伊吹萃香 0.9569
196.jpg 伊吹萃香 0.9551
467.jpg 伊吹萃香 0.7297
983.jpg 伊吹萃香 0.8538
926.jpg 伊吹萃香 0.9451
561.jpg 伊吹萃香 0.7799
338.jpg 伊吹萃香 0.8593
676.jpg 伊吹萃香 0.9322
143.jpg 伊吹萃香 0.8634
658.jpg 摩多罗隐岐奈 0.1061
589.jpg 九十九弁弁 0.7250
895.jpg 伊吹萃香 0.7667
616.jpg 八云紫 0.8336
803.jpg 物部布都 0.1626
354.jpg 茨木华扇 0.3114
545.jpg 伊吹萃香 0.8883
854.jpg 玛艾露贝莉·赫恩 0.6714
163.jpg 云居一轮云山 0.1539
529.jpg 伊吹萃香 0.9425
521.jpg 伊吹萃香 0.9217
773.jpg 茨木华扇 0.4755
416.jpg 伊吹萃香 0.1092
585.jpg 伊吹萃香 0.5758
318.jpg 若鹭姬 0.9437
617.jpg 伊吹萃香 0.7640
681.jpg 伊吹萃香 0.8319
115.jpg 伊吹萃香 0.4194
82.jpg 伊吹萃香 0.8545
11.jpg 伊吹萃香 0.9462
657.jpg 伊吹萃香 0.7896
495.jpg 伊吹萃香 0.9306
158.jpg 伊吹萃香 0.9306
510.jpg 伊吹萃香 0.7263
636.jpg 伊吹萃香 0.9487
686.jpg 伊吹萃香 0.9382
985.jpg 伊吹萃香 0.7349
613.jpg 伊吹萃香 0.8838
132.jpg 伊吹萃香 0.8401
710.jpg 伊吹萃香 0.9452
378.jpg 伊吹萃香 0.8668
240.jpg 伊吹萃香 0.8443
421.jpg 伊吹萃香 0.3603
580.jpg 茨木华扇 0.2250
900.jpg 伊吹萃香 0.9134
359.jpg 若鹭姬 0.2398
252.jpg 伊吹萃香 0.8224
429.jpg 依神女苑 0.3917
402.jpg 伊吹萃香 0.0962
451.jpg 伊吹萃香 0.0659
261.jpg 伊吹萃香 0.9498
534.jpg 伊吹萃香 0.9210
303.jpg 伊吹萃香 0.9627
32.jpg 伊吹萃香 0.9280
26.jpg 伊吹萃香 0.5074
943.jpg 伊吹萃香 0.9511
977.jpg 伊吹萃香 0.9428
407.jpg 伊吹萃香 0.8678
180.jpg 茨木华扇 0.4461
476.jpg 伊吹萃香 0.8920
370.jpg 伊吹萃香 0.9497
343.jpg 伊吹萃香 0.8951
72.jpg 伊吹萃香 0.9401
286.jpg 伊吹萃香 0.9220
405.jpg 伊吹萃香 0.8325
227.jpg 伊吹萃香 0.7889
185.jpg 伊吹萃香 0.9604
458.jpg 伊吹萃香 0.9275
830.jpg 伊吹萃香 0.7339
214.jpg 伊吹萃香 0.6912
516.jpg 莉格露·奈特巴格 0.2718
205.jpg 伊吹萃香 0.8702
805.jpg 伊吹萃香 0.9017
744.jpg 伊吹萃香 0.9532
578.jpg 伊吹萃香 0.9390
280.jpg 伊吹萃香 0.9418
191.jpg 伊吹萃香 0.9175
621.jpg 伊吹萃香 0.7806
512.jpg 伊吹萃香 0.8321
314.jpg 伊吹萃香 0.7386
395.jpg 伊吹萃香 0.9284
609.jpg 伊吹萃香 0.9325
606.jpg 伊吹萃香 0.9395
588.jpg 伊吹萃香 0.8337
417.jpg 伊吹萃香 0.8599
487.jpg 圣白莲 0.8879
414.jpg 伊吹萃香 0.9432
695.jpg 雾雨魔理沙 0.2364
845.jpg 星熊勇仪 0.5452
825.jpg 高丽野阿吽 0.1711
980.jpg 伊吹萃香 0.7156
149.jpg 伊吹萃香 0.9411
2.jpg 伊吹萃香 0.7935
876.jpg 伊吹萃香 0.8437
268.jpg 伊吹萃香 0.9417
68.jpg 伊吹萃香 0.8905
106.jpg 星熊勇仪 0.6771
550.jpg 伊吹萃香 0.9544
614.jpg 依神女苑 0.0573
40.jpg 伊吹萃香 0.8881
340.jpg 哆来咪·苏伊特 0.9430
901.jpg 伊吹萃香 0.7337
194.jpg 伊吹萃香 0.9575
247.jpg 伊吹萃香 0.9224
607.jpg 伊吹萃香 0.9342
540.jpg 伊吹萃香 0.9489
316.jpg 伊吹萃香 0.9446
151.jpg 伊吹萃香 0.1004
790.jpg 伊吹萃香 0.8418
497.jpg 伊吹萃香 0.9651
709.jpg 伊吹萃香 0.8737
357.jpg 伊吹萃香 0.9519
732.jpg 伊吹萃香 0.9432
699.jpg 伊吹萃香 0.8933
428.jpg 伊吹萃香 0.8305
568.jpg 伊吹萃香 0.3340
899.jpg 伊吹萃香 0.9425
136.jpg 伊吹萃香 0.7963
5.jpg 伊吹萃香 0.9617
386.jpg 伊吹萃香 0.7131
192.jpg 伊吹萃香 0.9649
244.jpg 伊吹萃香 0.8434
649.jpg 伊吹萃香 0.9509
425.jpg 伊吹萃香 0.8185
918.jpg 伊吹萃香 0.9366
434.jpg 伊吹萃香 0.7890
991.jpg 伊吹萃香 0.9182
608.jpg 伊吹萃香 0.8807
156.jpg 伊吹萃香 0.9531
331.jpg 伊吹萃香 0.4837
236.jpg 艾丽 0.0528
440.jpg 伊吹萃香 0.9336
373.jpg 伊吹萃香 0.8723
532.jpg 伊吹萃香 0.7758
643.jpg 伊吹萃香 0.3834
816.jpg 伊吹萃香 0.7453
544.jpg 若鹭姬 0.2950
222.jpg 伊吹萃香 0.9123
604.jpg 伊吹萃香 0.9186
761.jpg 伊吹萃香 0.6401
125.jpg 伊吹萃香 0.7861
344.jpg 伊吹萃香 0.8726
807.jpg 东风谷早苗 0.1019
61.jpg 姬海棠果 0.6319
139.jpg 伊吹萃香 0.7335
583.jpg 伊吹萃香 0.6511
479.jpg 依神女苑 0.9264
88.jpg 伊吹萃香 0.8885
419.jpg 鬼人正邪 0.3111
37.jpg 伊吹萃香 0.1847
804.jpg 高丽野阿吽 0.1105
92.jpg 伊吹萃香 0.8590
142.jpg 伊吹萃香 0.9170
988.jpg 伊吹萃香 0.8898
950.jpg 伊吹萃香 0.9054
332.jpg 伊吹萃香 0.9429
822.jpg 爱丽丝·玛格特洛依德 0.0674
691.jpg 蕾蒂·霍瓦特洛克 0.0601
270.jpg 伊吹萃香 0.4827
618.jpg 伊吹萃香 0.8353
353.jpg 伊吹萃香 0.9400
51.jpg 伊吹萃香 0.9361
400.jpg 伊吹萃香 0.9411
727.jpg 键山雏 0.9248
656.jpg 伊吹萃香 0.9337
665.jpg 伊吹萃香 0.8731
70.jpg 伊吹萃香 0.9404
499.jpg 伊吹萃香 0.8852
713.jpg 洩矢诹访子 0.9584
489.jpg 伊吹萃香 0.9499
150.jpg 伊吹萃香 0.9369
978.jpg 茨木华扇 0.1733
865.jpg 伊吹萃香 0.9329
281.jpg 星熊勇仪 0.0952
401.jpg 伊吹萃香 0.6929
669.jpg 伊吹萃香 0.6949
882.jpg 伊吹萃香 0.8889
635.jpg 伊吹萃香 0.9427
137.jpg 伊吹萃香 0.9469
294.jpg 伊吹萃香 0.7113
714.jpg 伊吹萃香 0.8872
519.jpg 伊吹萃香 0.1179
842.jpg 伊吹萃香 0.2397
131.jpg 伊吹萃香 0.3412
140.jpg 伊吹萃香 0.9478
957.jpg 伊吹萃香 0.8722
226.jpg 伊吹萃香 0.9178
536.jpg 伊吹萃香 0.9070
62.jpg 伊吹萃香 0.8876
860.jpg 伊吹萃香 0.9239
639.jpg 伊吹萃香 0.9228
838.jpg 伊吹萃香 0.7948
394.jpg 伊吹萃香 0.9461
525.jpg 伊吹萃香 0.4728
786.jpg 伊吹萃香 0.9286
997.jpg 伊吹萃香 0.9488
688.jpg 伊吹萃香 0.9250
363.jpg 伊吹萃香 0.8795
867.jpg 伊吹萃香 0.8996
362.jpg 伊吹萃香 0.8528
921.jpg 星熊勇仪 0.3644
330.jpg 伊吹萃香 0.8791
195.jpg 伊吹萃香 0.8906
598.jpg 伊吹萃香 0.9250
403.jpg 伊吹萃香 0.8843
315.jpg 伊吹萃香 0.4278
121.jpg 伊吹萃香 0.8378
46.jpg 伊吹萃香 0.0778
881.jpg 饕餮尤魔 0.2340
927.jpg 伊吹萃香 0.8917
949.jpg 伊吹萃香 0.7754
541.jpg 蕾蒂·霍瓦特洛克 0.6227
813.jpg 饕餮尤魔 0.3527
85.jpg 伊吹萃香 0.1721
408.jpg 伊吹萃香 0.7768
754.jpg 杖刀偶磨弓 0.1720
55.jpg 伊吹萃香 0.7371
445.jpg 伊吹萃香 0.9118
625.jpg 伊吹萃香 0.9380
263.jpg 射命丸文 0.5326
648.jpg 伊吹萃香 0.7045
265.jpg 姬海棠果 0.4942
706.jpg 伊吹萃香 0.9554
570.jpg 茨木华扇 0.4610
781.jpg 伊吹萃香 0.2590
507.jpg 伊吹萃香 0.3421
63.jpg 伊吹萃香 0.8872
181.jpg 伊吹萃香 0.7297
814.jpg 伊吹萃香 0.9432
591.jpg 伊吹萃香 0.7909
917.jpg 伊吹萃香 0.5526
671.jpg 伊吹萃香 0.6190
379.jpg 伊吹萃香 0.8732
631.jpg 伊吹萃香 0.9069
560.jpg 伊吹萃香 0.8919
95.jpg 伊吹萃香 0.6714
683.jpg 物部布都 0.1485
531.jpg 少名针妙丸 0.1030
771.jpg 伊吹萃香 0.9220
322.jpg 寅丸星 0.1285
449.jpg 伊吹萃香 0.8663
6.jpg 伊吹萃香 0.9297
783.jpg 伊吹萃香 0.9052
567.jpg 伊吹萃香 0.9561
276.jpg 伊吹萃香 0.3795
267.jpg 伊吹萃香 0.9430
465.jpg 伊吹萃香 0.8302
750.jpg 伊吹萃香 0.9627
34.jpg 伊吹萃香 0.9519
645.jpg 伊吹萃香 0.9342
49.jpg 伊吹萃香 0.3565
828.jpg 伊吹萃香 0.9484
23.jpg 伊吹萃香 0.9544
556.jpg 伊吹萃香 0.8007
159.jpg 伊吹萃香 0.8194
164.jpg 伊吹萃香 0.9371
231.jpg 伊吹萃香 0.9637
678.jpg 伊吹萃香 0.9398
736.jpg 伊吹萃香 0.9431
579.jpg 伊吹萃香 0.9543
356.jpg 伊吹萃香 0.9313
682.jpg 伊吹萃香 0.9119
335.jpg 伊吹萃香 0.9622
581.jpg 伊吹萃香 0.9471
937.jpg 比那名居天子 0.9189
461.jpg 伊吹萃香 0.9278
182.jpg 伊吹萃香 0.9364
501.jpg 伊吹萃香 0.7700
289.jpg 伊吹萃香 0.8839
392.jpg 伊吹萃香 0.9399
12.jpg 伊吹萃香 0.9241
8.jpg 伊吹萃香 0.8532
668.jpg 伊吹萃香 0.3267
81.jpg 伊吹萃香 0.9348
644.jpg 伊吹萃香 0.9541
785.jpg 茨木华扇 0.2818
168.jpg 伊吹萃香 0.9503
537.jpg 伊吹萃香 0.4520
24.jpg 伊吹萃香 0.9516
28.jpg 伊吹萃香 0.4455
471.jpg 伊吹萃香 0.7244
80.jpg 伊吹萃香 0.9208
246.jpg 伊吹萃香 0.9202
984.jpg 伊吹萃香 0.9119
897.jpg 伊吹萃香 0.9259
966.jpg 伊吹萃香 0.9511
213.jpg 伊吹萃香 0.8590
655.jpg 伊吹萃香 0.9358
994.jpg 伊吹萃香 0.8762
210.jpg 伊吹萃香 0.9598
941.jpg 依神女苑 0.6254
565.jpg 伊吹萃香 0.8477
225.jpg 雾雨魔理沙 0.1644
615.jpg 伊吹萃香 0.9534
767.jpg 伊吹萃香 0.8392
689.jpg 伊吹萃香 0.9428
446.jpg 伊吹萃香 0.8370
967.jpg 伊吹萃香 0.9272
910.jpg 伊吹萃香 0.9554
274.jpg 伊吹萃香 0.9397
110.jpg 八意永琳 0.1390
190.jpg 伊吹萃香 0.8896
526.jpg 伊吹萃香 0.9555
841.jpg 伊吹萃香 0.9105
14.jpg 伊吹萃香 0.4052
629.jpg 伊吹萃香 0.8316
936.jpg 伊吹萃香 0.8297
488.jpg 伊吹萃香 0.9411
388.jpg 伊吹萃香 0.8286
939.jpg 伊吹萃香 0.9067
843.jpg 伊吹萃香 0.8876
641.jpg 伊吹萃香 0.4177
930.jpg 伊吹萃香 0.9317
207.jpg 伊吹萃香 0.9565
914.jpg 伊吹萃香 0.9576
498.jpg 星熊勇仪 0.8494
864.jpg 伊吹萃香 0.7428
514.jpg 红美铃 0.1141
398.jpg 伊吹萃香 0.7338
483.jpg 伊吹萃香 0.8999
464.jpg 伊吹萃香 0.8127
792.jpg 伊吹萃香 0.8277
808.jpg 梅蒂欣·梅兰可莉 0.1636
102.jpg 伊吹萃香 0.9372
264.jpg 伊吹萃香 0.9493
383.jpg 因幡天为 0.9636
184.jpg 伊吹萃香 0.9542
571.jpg 伊吹萃香 0.9472
86.jpg 伊吹萃香 0.8574
76.jpg 伊吹萃香 0.9287
349.jpg 伊吹萃香 0.8458
396.jpg 伊吹萃香 0.9316
273.jpg 伊吹萃香 0.9283
111.jpg 伊吹萃香 0.8890
56.jpg 伊吹萃香 0.9428
946.jpg 伊吹萃香 0.6569
573.jpg 伊吹萃香 0.5398
654.jpg 伊吹萃香 0.9197
539.jpg 伊吹萃香 0.7973
898.jpg 伊吹萃香 0.5161
30.jpg 伊吹萃香 0.8629
211.jpg 伊吹萃香 0.7196
716.jpg 伊吹萃香 0.9630
100.jpg 八云蓝 0.6290
427.jpg 伊吹萃香 0.7378
101.jpg 伊吹萃香 0.9212
956.jpg 梅蒂欣·梅兰可莉 0.1094
548.jpg 伊吹萃香 0.9475
637.jpg 伊吹萃香 0.8235
592.jpg 依神女苑 0.1776
846.jpg 伊吹萃香 0.6443
893.jpg 八云紫 0.7328
979.jpg 伊吹萃香 0.9255
38.jpg 伊吹萃香 0.3695
595.jpg 伊吹萃香 0.9555
433.jpg 伊吹萃香 0.9247
885.jpg 伊吹萃香 0.9260
922.jpg 伊吹萃香 0.1669
44.jpg 伊吹萃香 0.9604
757.jpg 伊吹萃香 0.8777
374.jpg 伊吹萃香 0.8853
551.jpg 伊吹萃香 0.4396
66.jpg 伊吹萃香 0.6056
989.jpg 伊吹萃香 0.9151
305.jpg 伊吹萃香 0.9352
722.jpg 骊驹早鬼 0.9204
285.jpg 伊吹萃香 0.6102
915.jpg 伊吹萃香 0.1071
35.jpg 博丽灵梦 0.1404
187.jpg 伊吹萃香 0.9182
389.jpg 星熊勇仪 0.3654
60.jpg 伊吹萃香 0.9202
742.jpg 伊吹萃香 0.8239
931.jpg 姬海棠果 0.9162
650.jpg 伊吹萃香 0.3312
904.jpg 八云蓝 0.3811
824.jpg 伊吹萃香 0.3458
908.jpg 伊吹萃香 0.9009
624.jpg 伊吹萃香 0.9269
916.jpg 比那名居天子 0.4564
873.jpg 伊吹萃香 0.9010
337.jpg 伊吹萃香 0.8636
43.jpg 依神女苑 0.5703
506.jpg 伊吹萃香 0.9605
412.jpg 伊吹萃香 0.8596
347.jpg 伊吹萃香 0.9448
812.jpg 伊吹萃香 0.9461
133.jpg 伊吹萃香 0.8788
673.jpg 伊吹萃香 0.4598
524.jpg 伊吹萃香 0.9223
154.jpg 伊吹萃香 0.7754
866.jpg 少名针妙丸 0.2642
122.jpg 伊吹萃香 0.9567
611.jpg 伊吹萃香 0.8319
193.jpg 伊吹萃香 0.9425
890.jpg 伊吹萃香 0.9279
998.jpg 伊吹萃香 0.8223
25.jpg 伊吹萃香 0.5434
799.jpg 八云紫 0.1420
358.jpg 伊吹萃香 0.8582
229.jpg 茨木华扇 0.5602
504.jpg 伊吹萃香 0.9260
653.jpg 清兰 0.5383
913.jpg 伊吹萃香 0.2856
466.jpg 伊吹萃香 0.9489
52.jpg 伊吹萃香 0.8260
951.jpg 伊吹萃香 0.8726
630.jpg 八云紫 0.3280
333.jpg 高丽野阿吽 0.6898
404.jpg 伊吹萃香 0.7593
559.jpg 伊吹萃香 0.9538
455.jpg 伊吹萃香 0.6865
259.jpg 伊吹萃香 0.8887
361.jpg 伊吹萃香 0.9153
603.jpg 伊吹萃香 0.8735
818.jpg 茨木华扇 0.1072
436.jpg 伊吹萃香 0.8519
840.jpg 伊吹萃香 0.9484
439.jpg 伊吹萃香 0.9223
339.jpg 伊吹萃香 0.5101
20.jpg 伊吹萃香 0.9480
976.jpg 圣白莲 0.3333
260.jpg 伊吹萃香 0.8845
325.jpg 伊吹萃香 0.6646
726.jpg 射命丸文 0.1013
342.jpg 伊吹萃香 0.3469
593.jpg 伊吹萃香 0.6752
679.jpg 伊吹萃香 0.9615
999.jpg 伊吹萃香 0.5773
563.jpg 伊吹萃香 0.9386
326.jpg 秦心 0.1125
663.jpg 伊吹萃香 0.1973
209.jpg 伊吹萃香 0.9017
770.jpg 二岩猯藏 0.1350
147.jpg 伊吹萃香 0.8618
350.jpg 依神女苑 0.2273
923.jpg 伊吹萃香 0.8933
74.jpg 伊吹萃香 0.9275
296.jpg 伊吹萃香 0.9110
248.jpg 伊吹萃香 0.9518
954.jpg 伊吹萃香 0.8220
324.jpg 伊吹萃香 0.8915
155.jpg 伊吹萃香 0.9251
907.jpg 伊吹萃香 0.7668
47.jpg 伊吹萃香 0.9517
365.jpg 伊吹萃香 0.8922
486.jpg 依神女苑 0.2805
928.jpg 依神女苑 0.1268
279.jpg 伊吹萃香 0.9325
71.jpg 伊吹萃香 0.9391
847.jpg 伊吹萃香 0.8103
703.jpg 伊吹萃香 0.8570
299.jpg 伊吹萃香 0.9292
961.jpg 伊吹萃香 0.9471
906.jpg 伊吹萃香 0.8785
293.jpg 星熊勇仪 0.1470
759.jpg 伊吹萃香 0.9058
390.jpg 伊吹萃香 0.9388
735.jpg 伊吹萃香 0.9182
811.jpg 伊吹萃香 0.8742
911.jpg 伊吹萃香 0.8194
628.jpg 伊吹萃香 0.9020
254.jpg 伊吹萃香 0.6867
245.jpg 伊吹萃香 0.9310
853.jpg 伊吹萃香 0.9545
16.jpg 伊吹萃香 0.8794
438.jpg 伊吹萃香 0.8307
77.jpg 伊吹萃香 0.6154
870.jpg 伊吹萃香 0.0970
672.jpg 伊吹萃香 0.7694
646.jpg 伊吹萃香 0.7028
737.jpg 伊吹萃香 0.8845
948.jpg 蕾米莉亚·斯卡蕾特 0.8340
933.jpg 茨木华扇 0.5872
535.jpg 伊吹萃香 0.8877
500.jpg 伊吹萃香 0.9507
153.jpg 伊吹萃香 0.9452
769.jpg 伊吹萃香 0.3086
327.jpg 伊吹萃香 0.7763
685.jpg 伊吹萃香 0.8279
599.jpg 伊吹萃香 0.5680
435.jpg 茨木华扇 0.3233
940.jpg 伊吹萃香 0.8661
201.jpg 伊吹萃香 0.9312
647.jpg 伊吹萃香 0.9165
981.jpg 伊吹萃香 0.9276
787.jpg 伊吹萃香 0.9508
138.jpg 伊吹萃香 0.9385
857.jpg 饭纲丸龙 0.1903
947.jpg 伊吹萃香 0.9346
670.jpg 杖刀偶磨弓 0.1821
188.jpg 伊吹萃香 0.7020
612.jpg 伊吹萃香 0.8898
376.jpg 伊吹萃香 0.9453
170.jpg 伊吹萃香 0.8740
426.jpg 伊吹萃香 0.9438
667.jpg 伊吹萃香 0.7887
938.jpg 伊吹萃香 0.9391
764.jpg 伊吹萃香 0.8720
684.jpg 伊吹萃香 0.3875
491.jpg 伊吹萃香 0.7605
975.jpg 伊吹萃香 0.8996
284.jpg 伊吹萃香 0.8516
298.jpg 伊吹萃香 0.4297
642.jpg 伊吹萃香 0.9437
993.jpg 伊吹萃香 0.9475
79.jpg 姬海棠果 0.1332
687.jpg 伊吹萃香 0.9436
177.jpg 伊吹萃香 0.9500
15.jpg 伊吹萃香 0.7701
384.jpg 伊吹萃香 0.5500
756.jpg 伊吹萃香 0.9593
54.jpg 永江衣玖 0.3769
797.jpg 伊吹萃香 0.6834
387.jpg 杖刀偶磨弓 0.1441
463.jpg 伊吹萃香 0.9426
278.jpg 伊吹萃香 0.8630
590.jpg 伊吹萃香 0.5696
574.jpg 伊吹萃香 0.9496
837.jpg 水桥帕露西 0.1442
152.jpg 伊吹萃香 0.9437
160.jpg 伊吹萃香 0.9010
169.jpg 伊吹萃香 0.9326
707.jpg 伊吹萃香 0.8842
700.jpg 伊吹萃香 0.7171
238.jpg 星熊勇仪 0.1636
662.jpg 伊吹萃香 0.8548
974.jpg 伊吹萃香 0.9306
715.jpg 伊吹萃香 0.9318
277.jpg 伊吹萃香 0.8474
202.jpg 伊吹萃香 0.9474
877.jpg 射命丸文 0.7055
919.jpg 伊吹萃香 0.9045
218.jpg 伊吹萃香 0.8462
810.jpg 伊吹萃香 0.8188
889.jpg 伊吹萃香 0.9243
58.jpg 伊吹萃香 0.9662
972.jpg 伊吹萃香 0.9167
9.jpg 伊吹萃香 0.9439
520.jpg 伊吹萃香 0.4008
309.jpg 伊吹萃香 0.3449
413.jpg 茨木华扇 0.7263
849.jpg 大妖精 0.1993
596.jpg 伊吹萃香 0.9563
459.jpg 伊吹萃香 0.8111
523.jpg 伊吹萃香 0.7535
597.jpg 伊吹萃香 0.6707
484.jpg 伊吹萃香 0.9076
661.jpg 稀神探女 0.9217
765.jpg 伊吹萃香 0.9554
741.jpg 伊吹萃香 0.9507
120.jpg 伊吹萃香 0.8066
888.jpg 伊吹萃香 0.9311
39.jpg 伊吹萃香 0.9013
794.jpg 伊吹萃香 0.9374
75.jpg 伊吹萃香 0.9602
382.jpg 伊吹萃香 0.8680
738.jpg 伊吹萃香 0.5097
793.jpg 依神女苑 0.3600
728.jpg 伊吹萃香 0.9041
734.jpg 伊吹萃香 0.9390
905.jpg 伊吹萃香 0.9373
594.jpg 灵乌路空 0.9001
129.jpg 伊吹萃香 0.9227
562.jpg 伊吹萃香 0.9175
116.jpg 伊吹萃香 0.9225
287.jpg 伊吹萃香 0.7709
141.jpg 伊吹萃香 0.9476
216.jpg 藤原妹红 0.9099
275.jpg 伊吹萃香 0.8924
823.jpg 饕餮尤魔 0.0985
306.jpg 伊吹萃香 0.9242
605.jpg 伊吹萃香 0.9481
93.jpg 伊吹萃香 0.6355
555.jpg 少名针妙丸 0.3111
345.jpg 茨木华扇 0.3782
301.jpg 伊吹萃香 0.1213
87.jpg 伊吹萃香 0.4283
718.jpg 伊吹萃香 0.7419
626.jpg 伊吹萃香 0.9297
65.jpg 伊吹萃香 0.9231
587.jpg 伊吹萃香 0.7813
113.jpg 绵月依姬 0.1056
894.jpg 琪露诺 0.2623
312.jpg 伊吹萃香 0.9009
719.jpg 伊吹萃香 0.9104
271.jpg 古明地觉 0.9289
800.jpg 伊吹萃香 0.2636
809.jpg 伊吹萃香 0.7814
542.jpg 伊吹萃香 0.7774
494.jpg 伊吹萃香 0.3229
430.jpg 伊吹萃香 0.9350
251.jpg 伊吹萃香 0.9495
175.jpg 伊吹萃香 0.9461
518.jpg 星熊勇仪 0.3782
19.jpg 伊吹萃香 0.8168
114.jpg 伊吹萃香 0.5707
887.jpg 伊吹萃香 0.9150
712.jpg 古明地觉 0.5884
749.jpg 伊吹萃香 0.9627
740.jpg 伊吹萃香 0.2784
135.jpg 伊吹萃香 0.5462
652.jpg 伊吹萃香 0.9499
13.jpg 伊吹萃香 0.8946
167.jpg 伊吹萃香 0.9268
920.jpg 伊吹萃香 0.9361
902.jpg 伊吹萃香 0.1006
859.jpg 伊吹萃香 0.8810
444.jpg 星熊勇仪 0.7812
165.jpg 伊吹萃香 0.9279
623.jpg 伊吹萃香 0.8163
300.jpg 伊吹萃香 0.9515
291.jpg 伊吹萃香 0.8725
490.jpg 伊吹萃香 0.9225
509.jpg 伊吹萃香 0.8320
406.jpg 射命丸文 0.2250
308.jpg 伊吹萃香 0.8750
987.jpg 伊吹萃香 0.8752
282.jpg 伊吹萃香 0.9233
473.jpg 伊吹萃香 0.9128
633.jpg 十六夜咲夜 0.8861
871.jpg 伊吹萃香 0.9378
145.jpg 伊吹萃香 0.9620
189.jpg 伊吹萃香 0.4356
217.jpg 伊吹萃香 0.7739
829.jpg 伊吹萃香 0.9515
468.jpg 伊吹萃香 0.9215
124.jpg 伊吹萃香 0.9612
755.jpg 森近霖之助 0.2074
675.jpg 博丽灵梦 0.7229
558.jpg 伊吹萃香 0.8725
420.jpg 伊吹萃香 0.8868
410.jpg 骊驹早鬼 0.1914
802.jpg 伊吹萃香 0.9173
493.jpg 伊吹萃香 0.9154
827.jpg 伊吹萃香 0.8669
234.jpg 伊吹萃香 0.4994
515.jpg 伊吹萃香 0.9648
962.jpg 伊吹萃香 0.6974
780.jpg 茨木华扇 0.3624
620.jpg 星熊勇仪 0.9031
1.jpg 伊吹萃香 0.9098
134.jpg 伊吹萃香 0.9367
232.jpg 伊吹萃香 0.8786
577.jpg 伊吹萃香 0.7413
469.jpg 天弓千亦 0.1438
492.jpg 上白泽慧音 0.1438
17.jpg 伊吹萃香 0.9368
693.jpg 伊吹萃香 0.8904
768.jpg 伊吹萃香 0.7799
197.jpg 伊吹萃香 0.9250
474.jpg 伊吹萃香 0.9083
255.jpg 萨丽爱尔 0.1362
399.jpg 伊吹萃香 0.8636
21.jpg 伊吹萃香 0.6708
935.jpg 鬼人正邪 0.4562
204.jpg 茨木华扇 0.8960
725.jpg 伊吹萃香 0.9119
760.jpg 伊吹萃香 0.9308
955.jpg 伊吹萃香 0.8056
874.jpg 伊吹萃香 0.9465
538.jpg 伊吹萃香 0.8513
224.jpg 伊吹萃香 0.9237
367.jpg 伊吹萃香 0.5840
380.jpg 伊吹萃香 0.8677
659.jpg 少名针妙丸 0.3392
868.jpg 键山雏 0.5296
766.jpg 依神女苑 0.4491
146.jpg 东风谷早苗 0.2837
41.jpg 雾雨魔理沙 0.2149
576.jpg 伊吹萃香 0.2279
634.jpg 伊吹萃香 0.8559
945.jpg 伊吹萃香 0.8182
960.jpg 伊吹萃香 0.9481
230.jpg 伊吹萃香 0.9555
527.jpg 二岩猯藏 0.1506
875.jpg 伊吹萃香 0.9067
896.jpg 伊吹萃香 0.7806
355.jpg 伊吹萃香 0.9146
7.jpg 伊吹萃香 0.9365
801.jpg 鬼人正邪 0.1449
953.jpg 伊吹萃香 0.5487
863.jpg 伊吹萃香 0.9122
171.jpg 伊吹萃香 0.8333
924.jpg 伊吹萃香 0.6749
203.jpg 伊吹萃香 0.9525
963.jpg 雾雨魔理沙 0.3094
717.jpg 伊吹萃香 0.8930
481.jpg 伊吹萃香 0.9379
851.jpg 伊吹萃香 0.8688
157.jpg 伊吹萃香 0.8976
107.jpg 伊吹萃香 0.6871
89.jpg 伊吹萃香 0.8240
795.jpg 伊吹萃香 0.7450
546.jpg 伊吹萃香 0.9400
212.jpg 伊吹萃香 0.9514
256.jpg 伊吹萃香 0.8262
117.jpg 伊吹萃香 0.6909
456.jpg 伊吹萃香 0.9048
651.jpg 爱丽丝·玛格特洛依德 0.8460
45.jpg 射命丸文 0.2791
508.jpg 伊吹萃香 0.2335
806.jpg 依神女苑 0.0908
10.jpg 比那名居天子 0.7404
457.jpg 伊吹萃香 0.8187
944.jpg 伊吹萃香 0.9064
297.jpg 森近霖之助 0.5587
257.jpg 伊吹萃香 0.9026
638.jpg 伊吹萃香 0.9488
995.jpg 伊吹萃香 0.1102
448.jpg 伊吹萃香 0.9192
844.jpg 米斯蒂娅·萝蕾拉 0.2434
861.jpg 伊吹萃香 0.9340
664.jpg 伊吹萃香 0.7862
819.jpg 伊吹萃香 0.9000
22.jpg 伊吹萃香 0.9269
206.jpg 星熊勇仪 0.3058
84.jpg 依神女苑 0.7089
424.jpg 伊吹萃香 0.3514
694.jpg 伊吹萃香 0.8867
431.jpg 星熊勇仪 0.6034
850.jpg 伊吹萃香 0.8335
965.jpg 伊吹萃香 0.7790
674.jpg 伊吹萃香 0.9345
130.jpg 古明地觉 0.8782
619.jpg 伊吹萃香 0.3441
208.jpg 伊吹萃香 0.9076
319.jpg 星熊勇仪 0.9228
745.jpg 四季映姬·夜摩仙那度 0.8745
858.jpg 伊吹萃香 0.9482
677.jpg 伊吹萃香 0.8428
779.jpg 伊吹萃香 0.9469
311.jpg 伊吹萃香 0.8744
346.jpg 伊吹萃香 0.9496
704.jpg 伊吹萃香 0.9484
372.jpg 伊吹萃香 0.8155
199.jpg 伊吹萃香 0.9362
796.jpg 伊吹萃香 0.8421
831.jpg 伊吹萃香 0.8172
78.jpg 伊吹萃香 0.8212
460.jpg 伊吹萃香 0.6953
352.jpg 伊吹萃香 0.8075
96.jpg 伊吹萃香 0.7990
91.jpg 伊吹萃香 0.6287
746.jpg 伊吹萃香 0.9462
572.jpg 伊吹萃香 0.8671
903.jpg 伊吹萃香 0.9194
443.jpg 伊吹萃香 0.9024
391.jpg 伊吹萃香 0.5049
964.jpg 伊吹萃香 0.9064
415.jpg 伊吹萃香 0.6716
892.jpg 伊吹萃香 0.1877
820.jpg 伊吹萃香 0.8762
69.jpg 伊吹萃香 0.9597
48.jpg 伊吹萃香 0.9418
470.jpg 茨木华扇 0.3047
549.jpg 伊吹萃香 0.9556
815.jpg 少名针妙丸 0.3663
553.jpg 伊吹萃香 0.4173
855.jpg 伊吹萃香 0.4329
969.jpg 伊吹萃香 0.6753
313.jpg 伊吹萃香 0.9521
747.jpg 伊吹萃香 0.9642
94.jpg 伊吹萃香 0.9423
748.jpg 伊吹萃香 0.8227
375.jpg 伊吹萃香 0.4166
36.jpg 伊吹萃香 0.4152
632.jpg 伊吹萃香 0.9363
317.jpg 伊吹萃香 0.6513
743.jpg 伊吹萃香 0.9903
148.jpg 伊吹萃香 0.9977
328.jpg Reisen 0.3880
161.jpg 茨木华扇 0.9687
821.jpg 伊吹萃香 0.9815
242.jpg 伊吹萃香 0.9563
409.jpg 伊吹萃香 0.9968
584.jpg 伊吹萃香 0.9896
272.jpg 伊吹萃香 0.9988
477.jpg 伊吹萃香 0.9987
452.jpg 伊吹萃香 0.9925
880.jpg 伊吹萃香 0.9977
834.jpg 伊吹萃香 0.9980
784.jpg 伊吹萃香 0.5766
852.jpg 伊吹萃香 0.9926
437.jpg 伊吹萃香 0.9933
600.jpg 姬海棠果 0.6036
971.jpg 伊吹萃香 0.9830
640.jpg 伊吹萃香 0.9972
660.jpg 伊吹萃香 0.9932
485.jpg 伊吹萃香 0.9692
680.jpg 伊吹萃香 0.9991
418.jpg 少名针妙丸 0.5454
442.jpg 伊吹萃香 0.9995
789.jpg 伊吹萃香 0.9992
696.jpg 伊吹萃香 0.9982
569.jpg 伊吹萃香 0.9993
869.jpg 伊吹萃香 0.9883
856.jpg 伊吹萃香 0.9988
172.jpg 伊吹萃香 0.9989
320.jpg 伊吹萃香 0.9932
566.jpg 伊吹萃香 0.9991
348.jpg 伊吹萃香 0.9964
475.jpg 伊吹萃香 0.9979
973.jpg 伊吹萃香 0.9972
909.jpg 伊吹萃香 0.9978
253.jpg 伊吹萃香 0.9992
31.jpg 伊吹萃香 0.9993
586.jpg 伊吹萃香 0.9988
774.jpg 伊吹萃香 0.9982
708.jpg 伊吹萃香 0.9954
883.jpg 伊吹萃香 0.9989
739.jpg 伊吹萃香 0.9990
447.jpg 伊吹萃香 0.9756
334.jpg 伊吹萃香 0.6510
970.jpg 伊吹萃香 0.9985
496.jpg 伊吹萃香 0.9941
564.jpg 伊吹萃香 0.9983
173.jpg 伊吹萃香 0.9993
543.jpg 秦心 0.9849
302.jpg 魅魔 0.1275
762.jpg 伊吹萃香 0.9935
833.jpg 伊吹萃香 0.9983
454.jpg 伊吹萃香 0.9985
228.jpg 伊吹萃香 0.9940
731.jpg 伊吹萃香 0.9987
186.jpg 伊吹萃香 0.9955
385.jpg 伊吹萃香 0.9962
432.jpg 少名针妙丸 0.5119
932.jpg 伊吹萃香 0.9973
118.jpg 伊吹萃香 0.9990
912.jpg 伊吹萃香 0.9989
990.jpg 伊吹萃香 0.9972
547.jpg 伊吹萃香 0.9988
711.jpg 伊吹萃香 0.9985
366.jpg 伊吹萃香 0.9975
269.jpg 伊吹萃香 0.9988
423.jpg 伊吹萃香 0.9985
698.jpg 伊吹萃香 0.9978
705.jpg 宇佐见莲子 0.7234
176.jpg 伊吹萃香 0.9991
119.jpg 伊吹萃香 0.9985
223.jpg 伊吹萃香 0.7853
215.jpg 伊吹萃香 0.9988
472.jpg 伊吹萃香 0.9992
798.jpg 伊吹萃香 0.9983
450.jpg 伊吹萃香 0.9986
59.jpg 伊吹萃香 0.9989
83.jpg 伊吹萃香 0.9993
112.jpg 伊吹萃香 0.4886
127.jpg 伊吹萃香 0.7219
57.jpg 伊吹萃香 0.9984
283.jpg 伊吹萃香 0.9994
200.jpg 伊吹萃香 0.9990
968.jpg 伊吹萃香 0.9990
235.jpg 伊吹萃香 0.9985
304.jpg 伊吹萃香 0.9977
249.jpg 伊吹萃香 0.9982
602.jpg 伊吹萃香 0.9991
42.jpg 伊吹萃香 0.9983
557.jpg 伊吹萃香 0.9991
364.jpg 伊吹萃香 0.9993
836.jpg 伊吹萃香 0.9896
292.jpg 伊吹萃香 0.9980
528.jpg 伊吹萃香 0.9938
174.jpg 伊吹萃香 0.9988
397.jpg 伊吹萃香 0.9543
262.jpg 伊吹萃香 0.4897
729.jpg 伊吹萃香 0.9995
369.jpg 伊吹萃香 0.9983
622.jpg 伊吹萃香 0.9989
513.jpg 伊吹萃香 0.9992
752.jpg 黑谷山女 0.9782
237.jpg 爱丽丝·玛格特洛依德 0.3951
166.jpg 伊吹萃香 0.9976
697.jpg 伊吹萃香 0.9975
879.jpg 伊吹萃香 0.9982
128.jpg 寅丸星 0.5749
371.jpg 伊吹萃香 0.9986
992.jpg 伊吹萃香 0.9994
393.jpg 伊吹萃香 0.9987
4.jpg 茨木华扇 0.9486
323.jpg 伊吹萃香 0.9986
377.jpg 伊吹萃香 0.9982
3.jpg 伊吹萃香 0.9985
295.jpg 伊吹萃香 0.9995
575.jpg 姬海棠果 0.3515
250.jpg 伊吹萃香 0.9954
986.jpg 霍青娥 0.6540
601.jpg 伊吹萃香 0.9443
241.jpg 伊吹萃香 0.9970
848.jpg 伊吹萃香 0.9988
162.jpg 伊吹萃香 0.9993
582.jpg 伊吹萃香 0.9955
381.jpg 伊吹萃香 0.9976
758.jpg 伊吹萃香 0.9975
108.jpg 伊吹萃香 0.9839
862.jpg 伊吹萃香 0.9987
441.jpg 伊吹萃香 0.9986
183.jpg 伊吹萃香 0.9980
99.jpg 伊吹萃香 0.9986
288.jpg 伊吹萃香 0.9981
791.jpg 伊吹萃香 0.9981
258.jpg 伊吹萃香 0.9990
453.jpg 伊吹萃香 0.9960
701.jpg 姬海棠果 0.6870
144.jpg 伊吹萃香 0.9981
721.jpg 伊吹萃香 0.9974
422.jpg 伊吹萃香 0.9978
724.jpg 伊吹萃香 0.9972
502.jpg 伊吹萃香 0.9990
832.jpg 伊吹萃香 0.9992
839.jpg 伊吹萃香 0.9994
511.jpg 伊吹萃香 0.9987
126.jpg 伊吹萃香 0.9987
782.jpg 伊吹萃香 0.9926
239.jpg 伊吹萃香 0.9997
959.jpg 伊吹萃香 0.9983
219.jpg 伊吹萃香 0.9979
929.jpg 伊吹萃香 0.9992
733.jpg 伊吹萃香 0.9940
67.jpg 伊吹萃香 0.9934
360.jpg 伊吹萃香 0.9990
835.jpg 伊吹萃香 0.9829
310.jpg 伊吹萃香 0.9983
942.jpg 伊吹萃香 0.9983
627.jpg 伊吹萃香 0.9980
123.jpg 茨木华扇 0.5864
958.jpg 伊吹萃香 0.9963
788.jpg 伊吹萃香 0.9927
891.jpg 伊吹萃香 0.9962
505.jpg 伊吹萃香 0.9986
751.jpg 伊吹萃香 0.9983
50.jpg 伊吹萃香 0.9936
64.jpg 伊吹萃香 0.9974
886.jpg 伊吹萃香 0.9985
233.jpg 伊吹萃香 0.4437
776.jpg 伊吹萃香 0.9990
307.jpg 伊吹萃香 0.9992
730.jpg 克劳恩皮丝 0.4931
104.jpg 伊吹萃香 0.9992
73.jpg 伊吹萃香 0.9974
753.jpg 伊吹萃香 0.9991
18.jpg 伊吹萃香 0.5735
98.jpg 伊吹萃香 0.9989
53.jpg 伊吹萃香 0.9986
411.jpg 伊吹萃香 0.9867
517.jpg 伊吹萃香 0.9982
478.jpg 伊吹萃香 0.9994
503.jpg 伊吹萃香 0.9994
97.jpg 伊吹萃香 0.9992
290.jpg 伊吹萃香 0.9982
533.jpg 伊吹萃香 0.9993
220.jpg 伊吹萃香 0.9990
692.jpg 依神女苑 0.6533
1000.jpg 伊吹萃香 0.9990
996.jpg 伊吹萃香 0.9991
817.jpg 伊吹萃香 0.9991
27.jpg 伊吹萃香 0.5045
723.jpg 伊吹萃香 0.9980
198.jpg 少名针妙丸 0.5517
610.jpg 伊吹萃香 0.9990
878.jpg 伊吹萃香 0.9989
777.jpg 伊吹萃香 0.9968
90.jpg 封兽鵺 0.5500
178.jpg 伊吹萃香 0.9967
29.jpg 伊吹萃香 0.9995
109.jpg 伊吹萃香 0.9951
982.jpg 伊吹萃香 0.9834
884.jpg 伊吹萃香 0.4856
826.jpg 伊吹萃香 0.9991
221.jpg 伊吹萃香 0.9992
266.jpg 伊吹萃香 0.9990
33.jpg 伊吹萃香 0.9685
530.jpg 伊吹萃香 0.9996
666.jpg 伊吹萃香 0.9987
552.jpg 伊吹萃香 0.9985
336.jpg 伊吹萃香 0.9980
775.jpg 伊吹萃香 0.5585
772.jpg 伊吹萃香 0.9947
243.jpg 伊吹萃香 0.9981
690.jpg 伊吹萃香 0.9972
952.jpg 伊吹萃香 0.5700
778.jpg 伊吹萃香 0.9989
763.jpg 伊吹萃香 0.6041
105.jpg 伊吹萃香 0.9994
934.jpg 少名针妙丸 0.4867
329.jpg 伊吹萃香 0.9990
103.jpg 伊吹萃香 0.9971
522.jpg 伊吹萃香 0.9993
368.jpg 伊吹萃香 0.9989
480.jpg 伊吹萃香 0.9944
554.jpg 伊吹萃香 0.9986
925.jpg 伊吹萃香 0.9986
482.jpg 伊吹萃香 0.9981
720.jpg 伊吹萃香 0.9574
702.jpg 伊吹萃香 0.9992
341.jpg 伊吹萃香 0.9974
462.jpg 伊吹萃香 0.9939
351.jpg 伊吹萃香 0.8831
321.jpg 伊吹萃香 0.9991
179.jpg 伊吹萃香 0.9992
872.jpg 伊吹萃香 0.9995
196.jpg 伊吹萃香 0.9982
467.jpg 伊吹萃香 0.9981
983.jpg 伊吹萃香 0.9944
926.jpg 伊吹萃香 0.9980
561.jpg 伊吹萃香 0.9988
338.jpg 伊吹萃香 0.9979
676.jpg 伊吹萃香 0.9993
143.jpg 伊吹萃香 0.9986
658.jpg 星熊勇仪 0.9645
589.jpg 九十九弁弁 0.4817
895.jpg 伊吹萃香 0.9972
616.jpg 封兽鵺 0.4656
803.jpg 物部布都 0.9782
354.jpg 茨木华扇 0.5446
545.jpg 伊吹萃香 0.9990
854.jpg 摩多罗隐岐奈 0.9625
163.jpg 伊吹萃香 0.9938
529.jpg 伊吹萃香 0.9987
521.jpg 伊吹萃香 0.9988
773.jpg 茨木华扇 0.9845
416.jpg 伊吹萃香 0.9895
585.jpg 伊吹萃香 0.9982
318.jpg 伊吹萃香 0.8457
617.jpg 伊吹萃香 0.9935
681.jpg 伊吹萃香 0.9982
115.jpg 伊吹萃香 0.9953
82.jpg 伊吹萃香 0.9960
11.jpg 伊吹萃香 0.9981
657.jpg 伊吹萃香 0.9732
495.jpg 伊吹萃香 0.9990
158.jpg 伊吹萃香 0.9989
510.jpg 伊吹萃香 0.9931
636.jpg 伊吹萃香 0.9988
686.jpg 伊吹萃香 0.9993
985.jpg 伊吹萃香 0.9965
613.jpg 伊吹萃香 0.9984
132.jpg 伊吹萃香 0.9988
710.jpg 伊吹萃香 0.9977
378.jpg 伊吹萃香 0.9994
240.jpg 伊吹萃香 0.9907
421.jpg 伊吹萃香 0.9793
580.jpg 伊吹萃香 0.6213
900.jpg 伊吹萃香 0.9994
359.jpg 赤蛮奇 0.5143
252.jpg 伊吹萃香 0.9981
429.jpg 伊吹萃香 0.9885
402.jpg 少名针妙丸 0.6336
451.jpg 伊吹萃香 0.9925
261.jpg 伊吹萃香 0.9993
534.jpg 伊吹萃香 0.9987
303.jpg 伊吹萃香 0.9987
32.jpg 伊吹萃香 0.9992
26.jpg 伊吹萃香 0.4548
943.jpg 伊吹萃香 0.9993
977.jpg 伊吹萃香 0.9986
407.jpg 伊吹萃香 0.9987
180.jpg 茨木华扇 0.5410
476.jpg 伊吹萃香 0.9988
370.jpg 伊吹萃香 0.9996
343.jpg 伊吹萃香 0.9961
72.jpg 伊吹萃香 0.9979
286.jpg 伊吹萃香 0.9995
405.jpg 伊吹萃香 0.9981
227.jpg 伊吹萃香 0.9979
185.jpg 伊吹萃香 0.9983
458.jpg 伊吹萃香 0.9975
830.jpg 伊吹萃香 0.9980
214.jpg 伊吹萃香 0.9988
516.jpg 姬海棠果 0.8666
205.jpg 伊吹萃香 0.9958
805.jpg 伊吹萃香 0.9995
744.jpg 伊吹萃香 0.9996
578.jpg 伊吹萃香 0.9985
280.jpg 伊吹萃香 0.9986
191.jpg 伊吹萃香 0.9978
621.jpg 伊吹萃香 0.9905
512.jpg 伊吹萃香 0.9986
314.jpg 伊吹萃香 0.4719
395.jpg 伊吹萃香 0.9984
609.jpg 伊吹萃香 0.9989
606.jpg 伊吹萃香 0.9993
588.jpg 伊吹萃香 0.9972
417.jpg 伊吹萃香 0.5758
487.jpg 伊吹萃香 0.6078
414.jpg 伊吹萃香 0.9991
695.jpg 伊吹萃香 0.9808
845.jpg 伊吹萃香 0.9929
825.jpg 伊吹萃香 0.9840
980.jpg 伊吹萃香 0.9948
149.jpg 伊吹萃香 0.9995
2.jpg 伊吹萃香 0.9985
876.jpg 伊吹萃香 0.9994
268.jpg 伊吹萃香 0.9985
68.jpg 伊吹萃香 0.9990
106.jpg 伊吹萃香 0.9638
550.jpg 伊吹萃香 0.9995
614.jpg 伊吹萃香 0.9933
40.jpg 伊吹萃香 0.9977
340.jpg 伊吹萃香 0.5153
901.jpg 伊吹萃香 0.9968
194.jpg 伊吹萃香 0.9992
247.jpg 伊吹萃香 0.9996
607.jpg 伊吹萃香 0.9962
540.jpg 伊吹萃香 0.9983
316.jpg 伊吹萃香 0.9982
151.jpg 伊吹萃香 0.9947
790.jpg 伊吹萃香 0.9973
497.jpg 伊吹萃香 0.9991
709.jpg 伊吹萃香 0.9974
357.jpg 伊吹萃香 0.9989
732.jpg 伊吹萃香 0.9993
699.jpg 伊吹萃香 0.9935
428.jpg 姬海棠果 0.9766
568.jpg 伊吹萃香 0.9801
899.jpg 伊吹萃香 0.9990
136.jpg 伊吹萃香 0.9960
5.jpg 伊吹萃香 0.9983
386.jpg 伊吹萃香 0.9947
192.jpg 伊吹萃香 0.9992
244.jpg 伊吹萃香 0.9969
649.jpg 伊吹萃香 0.9991
425.jpg 伊吹萃香 0.9935
918.jpg 伊吹萃香 0.9993
434.jpg 伊吹萃香 0.9979
991.jpg 伊吹萃香 0.9994
608.jpg 伊吹萃香 0.9978
156.jpg 伊吹萃香 0.9984
331.jpg 伊吹萃香 0.9700
236.jpg 星熊勇仪 0.9512
440.jpg 伊吹萃香 0.9956
373.jpg 伊吹萃香 0.9970
532.jpg 伊吹萃香 0.9989
643.jpg 伊吹萃香 0.9986
816.jpg 伊吹萃香 0.9973
544.jpg 若鹭姬 0.5575
222.jpg 伊吹萃香 0.9979
604.jpg 伊吹萃香 0.9989
761.jpg 茨木华扇 0.4995
125.jpg 伊吹萃香 0.9979
344.jpg 伊吹萃香 0.9940
807.jpg 伊吹萃香 0.4103
61.jpg 姬海棠果 0.9896
139.jpg 伊吹萃香 0.9969
583.jpg 伊吹萃香 0.9969
479.jpg 伊吹萃香 0.7171
88.jpg 伊吹萃香 0.9980
419.jpg 伊吹萃香 0.5692
37.jpg 伊吹萃香 0.9920
804.jpg 高丽野阿吽 0.4546
92.jpg 伊吹萃香 0.9920
142.jpg 伊吹萃香 0.9993
988.jpg 伊吹萃香 0.9980
950.jpg 伊吹萃香 0.9989
332.jpg 伊吹萃香 0.9988
822.jpg 雾雨魔理沙 0.2540
691.jpg 伊吹萃香 0.7053
270.jpg 伊吹萃香 0.6426
618.jpg 伊吹萃香 0.9976
353.jpg 伊吹萃香 0.9994
51.jpg 伊吹萃香 0.9984
400.jpg 伊吹萃香 0.9987
727.jpg 伊吹萃香 0.5189
656.jpg 伊吹萃香 0.9993
665.jpg 伊吹萃香 0.9994
70.jpg 伊吹萃香 0.9963
499.jpg 伊吹萃香 0.9926
713.jpg 伊吹萃香 0.9884
489.jpg 伊吹萃香 0.9964
150.jpg 伊吹萃香 0.9985
978.jpg 茨木华扇 0.5354
865.jpg 伊吹萃香 0.9993
281.jpg 姬海棠果 0.6700
401.jpg 伊吹萃香 0.9916
669.jpg 伊吹萃香 0.9966
882.jpg 伊吹萃香 0.9988
635.jpg 伊吹萃香 0.9989
137.jpg 伊吹萃香 0.9960
294.jpg 伊吹萃香 0.9987
714.jpg 伊吹萃香 0.9974
519.jpg 伊吹萃香 0.9944
842.jpg 伊吹萃香 0.9708
131.jpg 伊吹萃香 0.5525
140.jpg 伊吹萃香 0.9988
957.jpg 伊吹萃香 0.9992
226.jpg 伊吹萃香 0.9989
536.jpg 伊吹萃香 0.9977
62.jpg 伊吹萃香 0.9966
860.jpg 伊吹萃香 0.9990
639.jpg 伊吹萃香 0.9994
838.jpg 伊吹萃香 0.9987
394.jpg 伊吹萃香 0.9990
525.jpg 伊吹萃香 0.9941
786.jpg 伊吹萃香 0.9976
997.jpg 伊吹萃香 0.9992
688.jpg 伊吹萃香 0.9957
363.jpg 伊吹萃香 0.9983
867.jpg 伊吹萃香 0.9959
362.jpg 伊吹萃香 0.9951
921.jpg 伊吹萃香 0.5751
330.jpg 伊吹萃香 0.9891
195.jpg 伊吹萃香 0.9968
598.jpg 伊吹萃香 0.9989
403.jpg 伊吹萃香 0.9957
315.jpg 伊吹萃香 0.9966
121.jpg 伊吹萃香 0.9932
46.jpg 伊吹萃香 0.9824
881.jpg 伊吹萃香 0.5276
927.jpg 伊吹萃香 0.9987
949.jpg 伊吹萃香 0.9975
541.jpg 九十九弁弁 0.9978
813.jpg 伊吹萃香 0.9739
85.jpg 伊吹萃香 0.9966
408.jpg 伊吹萃香 0.9982
754.jpg 伊吹萃香 0.7695
55.jpg 伊吹萃香 0.9975
445.jpg 伊吹萃香 0.9979
625.jpg 伊吹萃香 0.9981
263.jpg 伊吹萃香 0.5140
648.jpg 伊吹萃香 0.9974
265.jpg 姬海棠果 0.5832
706.jpg 伊吹萃香 0.9968
570.jpg 茨木华扇 0.5227
781.jpg 伊吹萃香 0.9846
507.jpg 伊吹萃香 0.6019
63.jpg 伊吹萃香 0.9970
181.jpg 伊吹萃香 0.9663
814.jpg 伊吹萃香 0.9995
591.jpg 伊吹萃香 0.9940
917.jpg 伊吹萃香 0.9965
671.jpg 伊吹萃香 0.5900
379.jpg 伊吹萃香 0.9956
631.jpg 伊吹萃香 0.9945
560.jpg 伊吹萃香 0.9861
95.jpg 茨木华扇 0.5423
683.jpg 伊吹萃香 0.8648
531.jpg 伊吹萃香 0.5170
771.jpg 伊吹萃香 0.9990
322.jpg 伊吹萃香 0.9600
449.jpg 伊吹萃香 0.9967
6.jpg 伊吹萃香 0.9992
783.jpg 伊吹萃香 0.9934
567.jpg 伊吹萃香 0.9984
276.jpg 伊吹萃香 0.9969
267.jpg 伊吹萃香 0.9952
465.jpg 伊吹萃香 0.9967
750.jpg 伊吹萃香 0.9991
34.jpg 伊吹萃香 0.9990
645.jpg 伊吹萃香 0.9980
49.jpg 伊吹萃香 0.6590
828.jpg 伊吹萃香 0.9992
23.jpg 伊吹萃香 0.9988
556.jpg 伊吹萃香 0.9945
159.jpg 伊吹萃香 0.9987
164.jpg 伊吹萃香 0.9968
231.jpg 伊吹萃香 0.9989
678.jpg 伊吹萃香 0.9993
736.jpg 伊吹萃香 0.9995
579.jpg 伊吹萃香 0.9991
356.jpg 伊吹萃香 0.9992
682.jpg 伊吹萃香 0.9988
335.jpg 伊吹萃香 0.9990
581.jpg 伊吹萃香 0.9995
937.jpg 伊吹萃香 0.5170
461.jpg 伊吹萃香 0.9986
182.jpg 伊吹萃香 0.9993
501.jpg 伊吹萃香 0.9990
289.jpg 伊吹萃香 0.9978
392.jpg 伊吹萃香 0.9987
12.jpg 伊吹萃香 0.9988
8.jpg 伊吹萃香 0.9978
668.jpg 伊吹萃香 0.9927
81.jpg 伊吹萃香 0.9991
644.jpg 伊吹萃香 0.9989
785.jpg 茨木华扇 0.9669
168.jpg 伊吹萃香 0.9987
537.jpg 少名针妙丸 0.5143
24.jpg 伊吹萃香 0.9995
28.jpg 姬海棠果 0.6352
471.jpg 伊吹萃香 0.9993
80.jpg 伊吹萃香 0.9972
246.jpg 伊吹萃香 0.9891
984.jpg 伊吹萃香 0.9982
897.jpg 伊吹萃香 0.9954
966.jpg 伊吹萃香 0.9994
213.jpg 伊吹萃香 0.9984
655.jpg 伊吹萃香 0.9687
994.jpg 伊吹萃香 0.5094
210.jpg 伊吹萃香 0.9991
941.jpg 姬海棠果 0.9925
565.jpg 伊吹萃香 0.9944
225.jpg 橙 0.2560
615.jpg 伊吹萃香 0.9994
767.jpg 伊吹萃香 0.9993
689.jpg 伊吹萃香 0.9994
446.jpg 伊吹萃香 0.9988
967.jpg 伊吹萃香 0.9992
910.jpg 伊吹萃香 0.9992
274.jpg 伊吹萃香 0.9994
110.jpg 伊吹萃香 0.9899
190.jpg 伊吹萃香 0.9986
526.jpg 伊吹萃香 0.9992
841.jpg 伊吹萃香 0.9990
14.jpg 伊吹萃香 0.6078
629.jpg 伊吹萃香 0.9931
936.jpg 伊吹萃香 0.9991
488.jpg 伊吹萃香 0.9980
388.jpg 伊吹萃香 0.9977
939.jpg 伊吹萃香 0.9994
843.jpg 伊吹萃香 0.9832
641.jpg 伊吹萃香 0.9845
930.jpg 伊吹萃香 0.9993
207.jpg 伊吹萃香 0.9988
914.jpg 伊吹萃香 0.9989
498.jpg 茨木华扇 0.5870
864.jpg 伊吹萃香 0.9967
514.jpg 伊吹萃香 0.9920
398.jpg 伊吹萃香 0.9984
483.jpg 伊吹萃香 0.9974
464.jpg 伊吹萃香 0.9926
792.jpg 伊吹萃香 0.9977
808.jpg 八云紫 0.4095
102.jpg 伊吹萃香 0.9989
264.jpg 伊吹萃香 0.9964
383.jpg 伊吹萃香 0.9114
184.jpg 伊吹萃香 0.9990
571.jpg 伊吹萃香 0.9989
86.jpg 伊吹萃香 0.9890
76.jpg 伊吹萃香 0.9986
349.jpg 伊吹萃香 0.9980
396.jpg 伊吹萃香 0.9995
273.jpg 伊吹萃香 0.9989
111.jpg 伊吹萃香 0.9988
56.jpg 伊吹萃香 0.9976
946.jpg 伊吹萃香 0.9979
573.jpg 伊吹萃香 0.9906
654.jpg 伊吹萃香 0.9986
539.jpg 伊吹萃香 0.9979
898.jpg 伊吹萃香 0.9962
30.jpg 伊吹萃香 0.9952
211.jpg 伊吹萃香 0.9978
716.jpg 伊吹萃香 0.9987
100.jpg 八云蓝 0.9754
427.jpg 伊吹萃香 0.9985
101.jpg 伊吹萃香 0.9972
956.jpg 伊吹萃香 0.9576
548.jpg 伊吹萃香 0.9986
637.jpg 伊吹萃香 0.9982
592.jpg 伊吹萃香 0.9960
846.jpg 伊吹萃香 0.9788
893.jpg 伊吹萃香 0.9754
979.jpg 伊吹萃香 0.9928
38.jpg 伊吹萃香 0.9934
595.jpg 伊吹萃香 0.9994
433.jpg 伊吹萃香 0.9991
885.jpg 伊吹萃香 0.9985
922.jpg 少名针妙丸 0.6747
44.jpg 伊吹萃香 0.9988
757.jpg 伊吹萃香 0.9990
374.jpg 伊吹萃香 0.9990
551.jpg 伊吹萃香 0.9941
66.jpg 伊吹萃香 0.9601
989.jpg 伊吹萃香 0.9984
305.jpg 伊吹萃香 0.9991
722.jpg 伊吹萃香 0.6378
285.jpg 伊吹萃香 0.9976
915.jpg 星熊勇仪 0.1933
35.jpg 少名针妙丸 0.4409
187.jpg 伊吹萃香 0.9984
389.jpg 星熊勇仪 0.9691
60.jpg 伊吹萃香 0.9986
742.jpg 伊吹萃香 0.9981
931.jpg 姬海棠果 0.9987
650.jpg 伊吹萃香 0.5120
904.jpg 伊吹萃香 0.9960
824.jpg 茨木华扇 0.4997
908.jpg 伊吹萃香 0.9989
624.jpg 伊吹萃香 0.9988
916.jpg 伊吹萃香 0.9557
873.jpg 伊吹萃香 0.9991
337.jpg 伊吹萃香 0.9973
43.jpg 依神女苑 0.7381
506.jpg 伊吹萃香 0.9995
412.jpg 伊吹萃香 0.9967
347.jpg 伊吹萃香 0.9971
812.jpg 伊吹萃香 0.9993
133.jpg 伊吹萃香 0.9967
673.jpg 伊吹萃香 0.9948
524.jpg 伊吹萃香 0.9983
154.jpg 伊吹萃香 0.9985
866.jpg 伊吹萃香 0.5589
122.jpg 伊吹萃香 0.9978
611.jpg 伊吹萃香 0.9971
193.jpg 伊吹萃香 0.9979
890.jpg 伊吹萃香 0.9953
998.jpg 伊吹萃香 0.9982
25.jpg 博丽灵梦 0.6164
799.jpg 伊吹萃香 0.9981
358.jpg 伊吹萃香 0.9943
229.jpg 茨木华扇 0.5411
504.jpg 伊吹萃香 0.9984
653.jpg 伊吹萃香 0.4849
913.jpg 茨木华扇 0.4918
466.jpg 伊吹萃香 0.9988
52.jpg 伊吹萃香 0.9707
951.jpg 伊吹萃香 0.9929
630.jpg 伊吹萃香 0.9960
333.jpg 高丽野阿吽 0.5124
404.jpg 伊吹萃香 0.9859
559.jpg 伊吹萃香 0.9978
455.jpg 伊吹萃香 0.9927
259.jpg 伊吹萃香 0.9919
361.jpg 伊吹萃香 0.9993
603.jpg 伊吹萃香 0.9980
818.jpg 伊吹萃香 0.4923
436.jpg 伊吹萃香 0.9961
840.jpg 伊吹萃香 0.9994
439.jpg 伊吹萃香 0.9982
339.jpg 伊吹萃香 0.9596
20.jpg 伊吹萃香 0.9960
976.jpg 圣白莲 0.4695
260.jpg 伊吹萃香 0.9962
325.jpg 伊吹萃香 0.9956
726.jpg 伊吹萃香 0.9805
342.jpg 伊吹萃香 0.9976
593.jpg 伊吹萃香 0.9838
679.jpg 伊吹萃香 0.9996
999.jpg 伊吹萃香 0.9872
563.jpg 伊吹萃香 0.9958
326.jpg 伊吹萃香 0.5515
663.jpg 少名针妙丸 0.5975
209.jpg 伊吹萃香 0.9993
770.jpg 少名针妙丸 0.5883
147.jpg 伊吹萃香 0.9987
350.jpg 伊吹萃香 0.6141
923.jpg 伊吹萃香 0.9988
74.jpg 伊吹萃香 0.9873
296.jpg 伊吹萃香 0.9995
248.jpg 伊吹萃香 0.9986
954.jpg 伊吹萃香 0.9982
324.jpg 伊吹萃香 0.9971
155.jpg 伊吹萃香 0.9995
907.jpg 伊吹萃香 0.9974
47.jpg 伊吹萃香 0.9991
365.jpg 伊吹萃香 0.9981
486.jpg 伊吹萃香 0.9971
928.jpg 伊吹萃香 0.9952
279.jpg 伊吹萃香 0.9979
71.jpg 伊吹萃香 0.9991
847.jpg 伊吹萃香 0.9964
703.jpg 伊吹萃香 0.9988
299.jpg 伊吹萃香 0.9981
961.jpg 伊吹萃香 0.9990
906.jpg 伊吹萃香 0.9992
293.jpg 射命丸文 0.4899
759.jpg 伊吹萃香 0.9992
390.jpg 伊吹萃香 0.9852
735.jpg 伊吹萃香 0.9938
811.jpg 伊吹萃香 0.9987
911.jpg 伊吹萃香 0.9967
628.jpg 伊吹萃香 0.9955
254.jpg 伊吹萃香 0.9980
245.jpg 伊吹萃香 0.9990
853.jpg 伊吹萃香 0.9981
16.jpg 伊吹萃香 0.9972
438.jpg 伊吹萃香 0.9950
77.jpg 茨木华扇 0.4891
870.jpg 伊吹萃香 0.9952
672.jpg 伊吹萃香 0.9982
646.jpg 伊吹萃香 0.9840
737.jpg 伊吹萃香 0.9978
948.jpg 伊吹萃香 0.9684
933.jpg 茨木华扇 0.9638
535.jpg 伊吹萃香 0.9973
500.jpg 伊吹萃香 0.9972
153.jpg 伊吹萃香 0.9995
769.jpg 伊吹萃香 0.9984
327.jpg 伊吹萃香 0.9896
685.jpg 幻月 0.8649
599.jpg 伊吹萃香 0.9924
435.jpg 伊吹萃香 0.5435
940.jpg 伊吹萃香 0.9977
201.jpg 伊吹萃香 0.9991
647.jpg 伊吹萃香 0.9992
981.jpg 伊吹萃香 0.9991
787.jpg 伊吹萃香 0.9988
138.jpg 伊吹萃香 0.9988
857.jpg 伊吹萃香 0.9774
947.jpg 伊吹萃香 0.9986
670.jpg 伊吹萃香 0.9948
188.jpg 伊吹萃香 0.9892
612.jpg 伊吹萃香 0.9867
376.jpg 伊吹萃香 0.9977
170.jpg 伊吹萃香 0.9994
426.jpg 伊吹萃香 0.9994
667.jpg 伊吹萃香 0.9949
938.jpg 伊吹萃香 0.9986
764.jpg 物部布都 0.9528
684.jpg 伊吹萃香 0.9951
491.jpg 伊吹萃香 0.9972
975.jpg 伊吹萃香 0.9992
284.jpg 伊吹萃香 0.9984
298.jpg 伊吹萃香 0.9984
642.jpg 伊吹萃香 0.9991
993.jpg 伊吹萃香 0.9994
79.jpg 姬海棠果 0.7064
687.jpg 伊吹萃香 0.9991
177.jpg 伊吹萃香 0.9971
15.jpg 伊吹萃香 0.9979
384.jpg 伊吹萃香 0.6009
756.jpg 伊吹萃香 0.9885
54.jpg 伊吹萃香 0.9895
797.jpg 伊吹萃香 0.9955
387.jpg 茨木华扇 0.9707
463.jpg 伊吹萃香 0.9984
278.jpg 伊吹萃香 0.9969
590.jpg 伊吹萃香 0.9966
574.jpg 伊吹萃香 0.9994
837.jpg 伊吹萃香 0.9971
152.jpg 伊吹萃香 0.9925
160.jpg 伊吹萃香 0.9982
169.jpg 伊吹萃香 0.9961
707.jpg 伊吹萃香 0.9969
700.jpg 伊吹萃香 0.9909
238.jpg 伊吹萃香 0.9904
662.jpg 伊吹萃香 0.9985
974.jpg 伊吹萃香 0.9994
715.jpg 伊吹萃香 0.9988
277.jpg 伊吹萃香 0.9950
202.jpg 伊吹萃香 0.9983
877.jpg 伊吹萃香 0.9690
919.jpg 伊吹萃香 0.9992
218.jpg 伊吹萃香 0.9987
810.jpg 伊吹萃香 0.9975
889.jpg 伊吹萃香 0.9993
58.jpg 伊吹萃香 0.9994
972.jpg 伊吹萃香 0.9984
9.jpg 伊吹萃香 0.9991
520.jpg 伊吹萃香 0.5276
309.jpg 桑尼米尔克 0.6873
413.jpg 伊吹萃香 0.4938
849.jpg 伊吹萃香 0.6439
596.jpg 伊吹萃香 0.9995
459.jpg 伊吹萃香 0.9992
523.jpg 伊吹萃香 0.9976
597.jpg 伊吹萃香 0.9471
484.jpg 伊吹萃香 0.9865
661.jpg 伊吹萃香 0.4778
765.jpg 伊吹萃香 0.9992
741.jpg 伊吹萃香 0.9992
120.jpg 伊吹萃香 0.9268
888.jpg 伊吹萃香 0.9972
39.jpg 伊吹萃香 0.9982
794.jpg 伊吹萃香 0.9969
75.jpg 伊吹萃香 0.9989
382.jpg 伊吹萃香 0.9947
738.jpg 伊吹萃香 0.4240
793.jpg 伊吹萃香 0.9915
728.jpg 伊吹萃香 0.9990
734.jpg 伊吹萃香 0.9992
905.jpg 伊吹萃香 0.9834
594.jpg 秦心 0.5225
129.jpg 伊吹萃香 0.9968
562.jpg 伊吹萃香 0.9988
116.jpg 伊吹萃香 0.9992
287.jpg 伊吹萃香 0.9983
141.jpg 伊吹萃香 0.9993
216.jpg 藤原妹红 0.9961
275.jpg 伊吹萃香 0.9989
823.jpg 伊吹萃香 0.9872
306.jpg 伊吹萃香 0.9993
605.jpg 伊吹萃香 0.9988
93.jpg 伊吹萃香 0.9980
555.jpg 伊吹萃香 0.4825
345.jpg 茨木华扇 0.5862
301.jpg 伊吹萃香 0.6102
87.jpg 伊吹萃香 0.4696
718.jpg 伊吹萃香 0.9830
626.jpg 伊吹萃香 0.9987
65.jpg 伊吹萃香 0.9990
587.jpg 伊吹萃香 0.9985
113.jpg 红美铃 0.3163
894.jpg 今泉影狼 0.4531
312.jpg 伊吹萃香 0.9986
719.jpg 伊吹萃香 0.9978
271.jpg 伊吹萃香 0.9754
800.jpg 伊吹萃香 0.4592
809.jpg 伊吹萃香 0.9966
542.jpg 伊吹萃香 0.9950
494.jpg 伊吹萃香 0.5434
430.jpg 伊吹萃香 0.9986
251.jpg 伊吹萃香 0.9990
175.jpg 伊吹萃香 0.9963
518.jpg 伊吹萃香 0.9848
19.jpg 伊吹萃香 0.9990
114.jpg 伊吹萃香 0.9930
887.jpg 伊吹萃香 0.9971
712.jpg 伊吹萃香 0.9717
749.jpg 伊吹萃香 0.9991
740.jpg 鬼人正邪 0.4591
135.jpg 伊吹萃香 0.9809
652.jpg 伊吹萃香 0.9985
13.jpg 伊吹萃香 0.9993
167.jpg 伊吹萃香 0.9868
920.jpg 伊吹萃香 0.9989
902.jpg 橙 0.2575
859.jpg 伊吹萃香 0.9988
444.jpg 伊吹萃香 0.9876
165.jpg 伊吹萃香 0.9984
623.jpg 伊吹萃香 0.9970
300.jpg 伊吹萃香 0.9994
291.jpg 伊吹萃香 0.9941
490.jpg 伊吹萃香 0.9987
509.jpg 伊吹萃香 0.9972
406.jpg 伊吹萃香 0.9702
308.jpg 伊吹萃香 0.9908
987.jpg 伊吹萃香 0.9963
282.jpg 圣白莲 0.4732
473.jpg 伊吹萃香 0.9977
633.jpg 伊吹萃香 0.9698
871.jpg 伊吹萃香 0.9987
145.jpg 伊吹萃香 0.9987
189.jpg 伊吹萃香 0.9671
217.jpg 伊吹萃香 0.9963
829.jpg 伊吹萃香 0.9993
468.jpg 伊吹萃香 0.9985
124.jpg 伊吹萃香 0.9988
755.jpg 伊吹萃香 0.9930
675.jpg 伊吹萃香 0.9952
558.jpg 伊吹萃香 0.9945
420.jpg 伊吹萃香 0.9972
410.jpg 伊吹萃香 0.5414
802.jpg 伊吹萃香 0.9985
493.jpg 伊吹萃香 0.9990
827.jpg 伊吹萃香 0.9988
234.jpg 伊吹萃香 0.9983
515.jpg 伊吹萃香 0.9994
962.jpg 伊吹萃香 0.9979
780.jpg 伊吹萃香 0.4961
620.jpg 星熊勇仪 0.4896
1.jpg 伊吹萃香 0.9987
134.jpg 伊吹萃香 0.9986
232.jpg 伊吹萃香 0.9962
577.jpg 茨木华扇 0.5098
469.jpg 伊吹萃香 0.5741
492.jpg 伊吹萃香 0.5043
17.jpg 伊吹萃香 0.9993
693.jpg 伊吹萃香 0.9984
768.jpg 伊吹萃香 0.9993
197.jpg 伊吹萃香 0.9992
474.jpg 伊吹萃香 0.9971
255.jpg 红美铃 0.2572
399.jpg 伊吹萃香 0.9959
21.jpg 伊吹萃香 0.9910
935.jpg 伊吹萃香 0.5603
204.jpg 伊吹萃香 0.6301
725.jpg 伊吹萃香 0.9988
760.jpg 伊吹萃香 0.9987
955.jpg 伊吹萃香 0.4885
874.jpg 伊吹萃香 0.9983
538.jpg 伊吹萃香 0.9988
224.jpg 伊吹萃香 0.9862
367.jpg 伊吹萃香 0.9686
380.jpg 伊吹萃香 0.9965
659.jpg 伊吹萃香 0.4941
868.jpg 伊吹萃香 0.7625
766.jpg 伊吹萃香 0.5981
146.jpg 伊吹萃香 0.9925
41.jpg 射命丸文 0.5428
576.jpg 伊吹萃香 0.9918
634.jpg 伊吹萃香 0.9901
945.jpg 伊吹萃香 0.9989
960.jpg 伊吹萃香 0.9984
230.jpg 伊吹萃香 0.9975
527.jpg 伊吹萃香 0.9825
875.jpg 伊吹萃香 0.9973
896.jpg 伊吹萃香 0.9981
355.jpg 伊吹萃香 0.9981
7.jpg 伊吹萃香 0.9975
801.jpg 鬼人正邪 0.4545
953.jpg 伊吹萃香 0.9987
863.jpg 伊吹萃香 0.9964
171.jpg 伊吹萃香 0.9980
924.jpg 伊吹萃香 0.6233
203.jpg 伊吹萃香 0.9980
963.jpg 伊吹萃香 0.9781
717.jpg 伊吹萃香 0.9980
481.jpg 伊吹萃香 0.9992
851.jpg 伊吹萃香 0.9985
157.jpg 伊吹萃香 0.9959
107.jpg 伊吹萃香 0.9987
89.jpg 伊吹萃香 0.9958
795.jpg 伊吹萃香 0.9967
546.jpg 伊吹萃香 0.9991
212.jpg 伊吹萃香 0.9996
256.jpg 伊吹萃香 0.9983
117.jpg 伊吹萃香 0.9986
456.jpg 伊吹萃香 0.9959
651.jpg 伊吹萃香 0.9823
45.jpg 伊吹萃香 0.5868
508.jpg 黑谷山女 0.7103
806.jpg 伊吹萃香 0.9907
10.jpg 伊吹萃香 0.9757
457.jpg 伊吹萃香 0.9991
944.jpg 伊吹萃香 0.9992
297.jpg 伊吹萃香 0.5073
257.jpg 伊吹萃香 0.9987
638.jpg 伊吹萃香 0.9988
995.jpg 伊吹萃香 0.9967
448.jpg 伊吹萃香 0.9967
844.jpg 伊吹萃香 0.5803
861.jpg 伊吹萃香 0.9987
664.jpg 伊吹萃香 0.9971
819.jpg 伊吹萃香 0.9982
22.jpg 伊吹萃香 0.9965
206.jpg 伊吹萃香 0.9949
84.jpg 伊吹萃香 0.5060
424.jpg 伊吹萃香 0.9941
694.jpg 伊吹萃香 0.9973
431.jpg 星熊勇仪 0.8878
850.jpg 伊吹萃香 0.9984
965.jpg 伊吹萃香 0.9976
674.jpg 伊吹萃香 0.9988
130.jpg 伊吹萃香 0.9757
619.jpg 伊吹萃香 0.9903
208.jpg 伊吹萃香 0.9993
319.jpg 伊吹萃香 0.5872
745.jpg 物部布都 0.9424
858.jpg 伊吹萃香 0.9989
677.jpg 伊吹萃香 0.9976
779.jpg 伊吹萃香 0.9957
311.jpg 伊吹萃香 0.9973
346.jpg 伊吹萃香 0.9981
704.jpg 伊吹萃香 0.9994
372.jpg 伊吹萃香 0.9911
199.jpg 伊吹萃香 0.9936
796.jpg 伊吹萃香 0.9971
831.jpg 伊吹萃香 0.9987
78.jpg 伊吹萃香 0.9994
460.jpg 伊吹萃香 0.9875
352.jpg 伊吹萃香 0.9921
96.jpg 伊吹萃香 0.9946
91.jpg 伊吹萃香 0.9847
746.jpg 伊吹萃香 0.9983
572.jpg 伊吹萃香 0.9987
903.jpg 伊吹萃香 0.9968
443.jpg 伊吹萃香 0.9986
391.jpg 伊吹萃香 0.9807
964.jpg 伊吹萃香 0.9993
415.jpg 茨木华扇 0.5308
892.jpg 伊吹萃香 0.9921
820.jpg 伊吹萃香 0.9990
69.jpg 伊吹萃香 0.9983
48.jpg 伊吹萃香 0.9993
470.jpg 茨木华扇 0.5243
549.jpg 伊吹萃香 0.9995
815.jpg 少名针妙丸 0.4955
553.jpg 伊吹萃香 0.9964
855.jpg 伊吹萃香 0.5438
969.jpg 伊吹萃香 0.5654
313.jpg 伊吹萃香 0.9990
747.jpg 伊吹萃香 0.9993
94.jpg 伊吹萃香 0.9996
748.jpg 伊吹萃香 0.9996
375.jpg 伊吹萃香 0.6168
36.jpg 伊吹萃香 0.3849
632.jpg 伊吹萃香 0.9989
317.jpg 伊吹萃香 0.9981
